C:\Program Files (x86)\HP\LoadRunner\dat\TCChrome\Extension - Copy\DebuggerBridge.js
C:\Program Files (x86)\HP\LoadRunner\dat\TCChrome\Extension - Copy\Ext\EvalCImpl.js
C:\Program Files (x86)\HP\LoadRunner\dat\TCChrome\Extension - Copy\Ext\EvalCImpl_Chrome_Main.js
C:\Program Files (x86)\HP\LoadRunner\dat\TCChrome\Extension - Copy\Ext\IdentDebuggingDescriptorsLog.js
C:\Program Files (x86)\HP\LoadRunner\dat\TCChrome\Extension - Copy\Ext\IdentDebuggingLog.js
C:\Program Files (x86)\HP\LoadRunner\dat\TCChrome\Extension - Copy\Ext\LRSettingsChrome.js
C:\Program Files (x86)\HP\LoadRunner\dat\TCChrome\Extension - Copy\Ext\RecordSnapshotsHandler.js
C:\Program Files (x86)\HP\LoadRunner\dat\TCChrome\Extension - Copy\Ext\TransactionListener.js
C:\Program Files (x86)\HP\LoadRunner\dat\TCChrome\Extension - Copy\RORA\jstepSwitchBrowser.js
C:\Program Files (x86)\HP\LoadRunner\dat\TCChrome\Extension - Copy\RRE\content\communicator\Communicator.js
C:\Program Files (x86)\HP\LoadRunner\dat\TCChrome\Extension - Copy\RRE\content\infra\HookManager.js
C:\Program Files (x86)\HP\LoadRunner\dat\TCChrome\Extension - Copy\RRE\content\infra\JsonSerializer.js
C:\Program Files (x86)\HP\LoadRunner\dat\TCChrome\Extension - Copy\RRE\content\infra\LogChrome.js
C:\Program Files (x86)\HP\LoadRunner\dat\TCChrome\Extension - Copy\RRE\content\infra\Query.js
C:\Program Files (x86)\HP\LoadRunner\dat\TCChrome\Extension - Copy\RRE\content\infra\Registry.js
C:\Program Files (x86)\HP\LoadRunner\dat\TCChrome\Extension - Copy\RRE\content\infra\RuleEngine.js
C:\Program Files (x86)\HP\LoadRunner\dat\TCChrome\Extension - Copy\RRE\content\infra\StdClasses.js
C:\Program Files (x86)\HP\LoadRunner\dat\TCChrome\Extension - Copy\RRE\content\infra\Utils.js
C:\Program Files (x86)\HP\LoadRunner\dat\TCChrome\Extension - Copy\RRE\content\interactive\ExportImportStepsHandler.js
C:\Program Files (x86)\HP\LoadRunner\dat\TCChrome\Extension - Copy\RRE\content\l10n\EventStrs.js
C:\Program Files (x86)\HP\LoadRunner\dat\TCChrome\Extension - Copy\RRE\content\l10n\StepsMarkups.js
C:\Program Files (x86)\HP\LoadRunner\dat\TCChrome\Extension - Copy\RRE\content\listeners\ConsoleRDPListener.js
C:\Program Files (x86)\HP\LoadRunner\dat\TCChrome\Extension - Copy\RRE\content\listeners\InjectedDomListener.js
C:\Program Files (x86)\HP\LoadRunner\dat\TCChrome\Extension - Copy\RRE\content\listeners\NetListener.js
C:\Program Files (x86)\HP\LoadRunner\dat\TCChrome\Extension - Copy\RRE\content\model\ArgsContextMain.js
C:\Program Files (x86)\HP\LoadRunner\dat\TCChrome\Extension - Copy\RRE\content\model\AuthenticationHandler.js
C:\Program Files (x86)\HP\LoadRunner\dat\TCChrome\Extension - Copy\RRE\content\model\CommonTestObjectStepExts.js
C:\Program Files (x86)\HP\LoadRunner\dat\TCChrome\Extension - Copy\RRE\content\model\RTS.js
C:\Program Files (x86)\HP\LoadRunner\dat\TCChrome\Extension - Copy\RRE\content\model\Step.js
C:\Program Files (x86)\HP\LoadRunner\dat\TCChrome\Extension - Copy\RRE\content\model\StepExts.js
C:\Program Files (x86)\HP\LoadRunner\dat\TCChrome\Extension - Copy\RRE\content\model\Transaction.js
C:\Program Files (x86)\HP\LoadRunner\dat\TCChrome\Extension - Copy\RRE\content\model\WebStepProgress.js
C:\Program Files (x86)\HP\LoadRunner\dat\TCChrome\Extension - Copy\RRE\content\model\WebTestObject.js
C:\Program Files (x86)\HP\LoadRunner\dat\TCChrome\Extension - Copy\RRE\content\pdf\pdf.js
C:\Program Files (x86)\HP\LoadRunner\dat\TCChrome\Extension - Copy\RRE\content\pdf\pdf.worker.js
C:\Program Files (x86)\HP\LoadRunner\dat\TCChrome\Extension - Copy\RRE\content\settings\BrowserOptionsChrome.js
C:\Program Files (x86)\HP\LoadRunner\dat\TCChrome\Extension - Copy\RRE\content\TPS\javascript-xpath-html-doc.js
C:\Program Files (x86)\HP\LoadRunner\dat\TCChrome\Extension - Copy\RRE\content\TPS\javascript-xpath-original.js
C:\Program Files (x86)\HP\LoadRunner\dat\TCChrome\Extension - Copy\RRE\content\TPS\javascript-xpath-xml-doc.js
C:\Program Files (x86)\HP\LoadRunner\dat\TCChrome\Extension - Copy\RRE\content\TPS\stacktrace-0.3.js
C:\Program Files (x86)\HP\LoadRunner\dat\TCChrome\Extension - Copy\RRE\content\TPS\wicked-good-xpath.js
C:\Program Files (x86)\HP\LoadRunner\dat\TCChrome\Extension - Copy\RRE\content\TPS\xpathjs.js
C:\Program Files (x86)\HP\LoadRunner\dat\TCChrome\Extension - Copy\UI\jbar.js
C:\Program Files (x86)\HP\LoadRunner\dat\TCChrome\Extension - Copy\UI\jbutton.js
C:\Program Files (x86)\HP\LoadRunner\dat\TCChrome\Extension - Copy\UI\jstep.js
C:\Program Files (x86)\HP\LoadRunner\dat\TCChrome\Extension - Copy\UI\jstepFlowControl.js
C:\Program Files (x86)\HP\LoadRunner\dat\TCChrome\Extension - Copy\UI\LibraryView.js
C:\Program Files (x86)\HP\LoadRunner\dat\TCChrome\Extension - Copy\UI\ScriptController.js
C:\Program Files (x86)\HP\LoadRunner\dat\TCChrome\Extension - Copy\UI\SpyContextMain.js
C:\Program Files (x86)\HP\LoadRunner\dat\TCChrome\Extension - Copy\UI\StepController.js
C:\Program Files (x86)\HP\LoadRunner\dat\TCChrome\Extension - Copy\UI\stepTypeRepository.js
C:\Program Files (x86)\HP\LoadRunner\dat\TCChrome\Extension - Copy\UI\ViewUtils.js
C:\Program Files (x86)\HP\LoadRunner\dat\TCChrome\Extension - Copy\UI\AutoSuggest\FuncArgsAutoSuggest.js
C:\Program Files (x86)\HP\LoadRunner\dat\TCChrome\Extension - Copy\UI\EventHandlerEditor\eventHandlerEditor.js
C:\Program Files (x86)\HP\LoadRunner\dat\TCChrome\Extension - Copy\UI\Inspector\jQuery-treetable\jquery.1.9.1.min.js
C:\Program Files (x86)\HP\LoadRunner\dat\TCChrome\Extension - Copy\UI\Inspector\jQuery-treetable\jquery.treetable.js
C:\Program Files (x86)\HP\LoadRunner\dat\TCChrome\Extension - Copy\UI\JavaScriptEditor\CodeMirror\addon\hint\javascript-hint.js
C:\Program Files (x86)\HP\LoadRunner\dat\TCChrome\Extension - Copy\UI\JavaScriptEditor\CodeMirror\addon\hint\show-hint.js
C:\Program Files (x86)\HP\LoadRunner\dat\TCChrome\Extension - Copy\UI\JavaScriptEditor\CodeMirror\lib\codemirror.js
C:\Program Files (x86)\HP\LoadRunner\dat\TCChrome\Extension - Copy\UI\JavaScriptEditor\CodeMirror\mode\javascript\javascript.js
C:\Program Files (x86)\HP\LoadRunner\dat\TCChrome\Extension - Copy\UI\js\chosen.jquery.min.js
C:\Program Files (x86)\HP\LoadRunner\dat\TCChrome\Extension - Copy\UI\js\jquery-1.4.2.js
C:\Program Files (x86)\HP\LoadRunner\dat\TCChrome\Extension - Copy\UI\js\jquery-2.1.0.min.js
C:\Program Files (x86)\HP\LoadRunner\dat\TCChrome\Extension - Copy\UI\js\jquery-migrate-1.2.1.js
C:\Program Files (x86)\HP\LoadRunner\dat\TCChrome\Extension - Copy\UI\js\jquery-ui-1.10.4.js
C:\Program Files (x86)\HP\LoadRunner\dat\TCChrome\Extension - Copy\UI\js\jquery-ui-1.8.13.js
C:\Program Files (x86)\HP\LoadRunner\dat\TCChrome\Extension - Copy\UI\js\jquery.bt.js
C:\Program Files (x86)\HP\LoadRunner\dat\TCChrome\Extension - Copy\UI\js\jquery.dataTables.js
C:\Program Files (x86)\HP\LoadRunner\dat\TCChrome\Extension - Copy\UI\js\jquery.hover.js
C:\Program Files (x86)\HP\LoadRunner\dat\TCChrome\Extension - Copy\UI\js\jquery.hoverIntent.js
C:\Program Files (x86)\HP\LoadRunner\dat\TCChrome\Extension - Copy\UI\js\jquery.scrollview.js
C:\Program Files (x86)\HP\LoadRunner\dat\TCChrome\Extension - Copy\UI\js\jquery.ui.subclass.js
C:\Program Files (x86)\HP\LoadRunner\dat\TCChrome\Extension - Copy\UI\js\knockout-2.2.0.js
C:\Program Files (x86)\HP\LoadRunner\dat\TCChrome\Extension - Copy\UI\js\libs\backbone0.9.2\Backbone.js
C:\Program Files (x86)\HP\LoadRunner\dat\TCChrome\Extension - Copy\UI\js\libs\require2.0.5\require.js
C:\Program Files (x86)\HP\LoadRunner\dat\TCChrome\Extension - Copy\UI\js\libs\underscore1.3.3\Underscore.js
C:\Program Files (x86)\HP\LoadRunner\dat\TCChrome\Extension - Copy\UI\SnapshotsViewer\galleria.classic.js
C:\Program Files (x86)\HP\LoadRunner\dat\TCChrome\Extension - Copy\UI\SnapshotsViewer\galleria.js
C:\Program Files (x86)\HP\LoadRunner\dat\TCChrome\Extension - Copy\UI\ViewModel\Control\Control.js
C:\Program Files (x86)\HP\LoadRunner\dat\TCChrome\Extension - Copy\UI\ViewModelSettings\contextMenuSettings.js
C:\Program Files (x86)\HP\LoadRunner\dat\TCChrome\Extension - Copy\UI\widgets\jScrollPane\script\jquery.jscrollpane.js
